<?xml version="1.0" encoding="UTF-8"?>
<testng-results ignored="0" total="1" passed="1" failed="0" skipped="0">
  <reporter-output>
  </reporter-output>
  <suite started-at="2025-01-23T00:44:06 IST" name="Surefire suite" finished-at="2025-01-23T00:44:12 IST" duration-ms="5761">
    <groups>
    </groups>
    <test started-at="2025-01-23T00:44:06 IST" name="Surefire test" finished-at="2025-01-23T00:44:12 IST" duration-ms="5761">
      <class name="tests.Tests">
        <test-method signature="test1()[pri:0, instance:tests.Tests@d83da2e]" started-at="2025-01-23T00:44:06 IST" name="test1" finished-at="2025-01-23T00:44:12 IST" duration-ms="5709" status="PASS">
          <reporter-output>
          </reporter-output>
        </test-method> <!-- test1 -->
      </class> <!-- tests.Tests -->
    </test> <!-- Surefire test -->
  </suite> <!-- Surefire suite -->
</testng-results>
