<?xml version="1.0" encoding="UTF-8"?>
<testng-results ignored="0" total="1" passed="1" failed="0" skipped="0">
  <reporter-output>
  </reporter-output>
  <suite started-at="2024-06-13T18:14:44 IST" name="Default suite" finished-at="2024-06-13T18:14:51 IST" duration-ms="7793">
    <groups>
    </groups>
    <test started-at="2024-06-13T18:14:44 IST" name="Default test" finished-at="2024-06-13T18:14:51 IST" duration-ms="7793">
      <class name="tests.Tests">
        <test-method signature="test1()[pri:0, instance:tests.Tests@12468a38]" started-at="2024-06-13T18:14:44 IST" name="test1" finished-at="2024-06-13T18:14:51 IST" duration-ms="7702" status="PASS">
          <reporter-output>
          </reporter-output>
        </test-method> <!-- test1 -->
      </class> <!-- tests.Tests -->
    </test> <!-- Default test -->
  </suite> <!-- Default suite -->
</testng-results>
