<?xml version="1.0" encoding="UTF-8"?>
<testng-results ignored="0" total="1" passed="1" failed="0" skipped="0">
  <reporter-output>
  </reporter-output>
  <suite started-at="2024-06-19T12:37:05 IST" name="Default suite" finished-at="2024-06-19T12:37:16 IST" duration-ms="11169">
    <groups>
    </groups>
    <test started-at="2024-06-19T12:37:05 IST" name="Default test" finished-at="2024-06-19T12:37:16 IST" duration-ms="11169">
      <class name="tests.Tests">
        <test-method signature="test1()[pri:0, instance:tests.Tests@5b239d7d]" started-at="2024-06-19T12:37:05 IST" name="test1" finished-at="2024-06-19T12:37:16 IST" duration-ms="11097" status="PASS">
          <reporter-output>
          </reporter-output>
        </test-method> <!-- test1 -->
      </class> <!-- tests.Tests -->
    </test> <!-- Default test -->
  </suite> <!-- Default suite -->
</testng-results>
